#-----------------------------------------------------------
# Vivado v2021.2 (64-bit)
# SW Build 3367213 on Tue Oct 19 02:47:39 MDT 2021
# IP Build 3369179 on Thu Oct 21 08:25:16 MDT 2021
# Start of session at: Wed Nov 26 08:50:18 2025
# Process ID: 1188254
# Current directory: /home/sogang/Desktop/riscv_platform_1020/riscv32im_soc/hw/rtl
# Command line: vivado -mode batch -source create_rtl_project.tcl
# Log file: /home/sogang/Desktop/riscv_platform_1020/riscv32im_soc/hw/rtl/vivado.log
# Journal file: /home/sogang/Desktop/riscv_platform_1020/riscv32im_soc/hw/rtl/vivado.jou
# Running On: sogang-500TGA-500SGA, OS: Linux, CPU Frequency: 3550.167 MHz, CPU Physical cores: 10, Host memory: 16429 MB
#-----------------------------------------------------------
source create_rtl_project.tcl
# set project_name "riscv_rtl_project"
# set project_dir "./rtl_project"
# set part "xc7z020clg484-1"
# create_project $project_name $project_dir -part $part -force
# add_files -norecurse {
#     ./verilog/riscv_cache_soc_top.v
#     ./verilog/riscv_cache_soc.v
#     ./verilog/riscv_cache_core.v
#     ./verilog/rstmgra.v
# }
# set_property ip_repo_paths {
#     ../../ips/riscv
#     ../../ips/axi_lite
#     ../../ips/axi_switch
#     ../../ips/axi4_to_lite
#     ../../ips/gpio_axi_lite
#     ../../ips/uart_axi_lite
#     ../../ips/timer_axi_lite
#     ../../ips/pic_axi_lite
#     ../../ips/ex_i2c_master_axi_lite
# } [current_project]
# update_ip_catalog
INFO: [IP_Flow 19-234] Refreshing IP repositories
INFO: [IP_Flow 19-1700] Loaded user IP repository '/home/sogang/Desktop/riscv_platform_1020/riscv32im_soc/ips/riscv'.
INFO: [IP_Flow 19-1700] Loaded user IP repository '/home/sogang/Desktop/riscv_platform_1020/riscv32im_soc/ips/axi_lite'.
INFO: [IP_Flow 19-1700] Loaded user IP repository '/home/sogang/Desktop/riscv_platform_1020/riscv32im_soc/ips/axi_switch'.
INFO: [IP_Flow 19-1700] Loaded user IP repository '/home/sogang/Desktop/riscv_platform_1020/riscv32im_soc/ips/axi4_to_lite'.
INFO: [IP_Flow 19-1700] Loaded user IP repository '/home/sogang/Desktop/riscv_platform_1020/riscv32im_soc/ips/gpio_axi_lite'.
INFO: [IP_Flow 19-1700] Loaded user IP repository '/home/sogang/Desktop/riscv_platform_1020/riscv32im_soc/ips/uart_axi_lite'.
INFO: [IP_Flow 19-1700] Loaded user IP repository '/home/sogang/Desktop/riscv_platform_1020/riscv32im_soc/ips/timer_axi_lite'.
INFO: [IP_Flow 19-1700] Loaded user IP repository '/home/sogang/Desktop/riscv_platform_1020/riscv32im_soc/ips/pic_axi_lite'.
INFO: [IP_Flow 19-1700] Loaded user IP repository '/home/sogang/Desktop/riscv_platform_1020/riscv32im_soc/ips/ex_i2c_master_axi_lite'.
INFO: [IP_Flow 19-2313] Loaded Vivado IP repository '/tools/Xilinx/Vivado/2021.2/data/ip'.
# add_files -fileset constrs_1 -norecurse {
#     ../impl.ip_integrator/zed.confmc/xdc/fpga_zed.xdc
#     ../impl.ip_integrator/zed.confmc/xdc/fpga_etc.xdc
# }
# set_property top riscv_cache_soc_top [current_fileset]
# puts "RTL 프로젝트 생성 완료!"
RTL 프로젝트 생성 완료!
# puts "다음 명령어로 합성 실행:"
다음 명령어로 합성 실행:
# puts "launch_runs synth_1 -jobs 8"
launch_runs synth_1 -jobs 8
# puts "wait_on_run synth_1"
wait_on_run synth_1
# puts "launch_runs impl_1 -jobs 8"
launch_runs impl_1 -jobs 8
# puts "wait_on_run impl_1"
wait_on_run impl_1
# puts "open_run impl_1"
open_run impl_1
# puts "write_bitstream -force"
write_bitstream -force
INFO: [Common 17-206] Exiting Vivado at Wed Nov 26 08:50:25 2025...
