---- I2C CSR dump ----
I2C base addr : 0x90040000

[I2C WRITE]
  dev7=0x57 word=0x00 data=0x11223344
i2c_start_simple: ctrl=0x800000ae
i2c_start_simple: after write, DATA0=0x800000ae (expected=0x800000ae)
i2c_start_simple: data0=0x800000ae
  dev7=0x57 (7-bit), is_read=0, addr8=0xae (8-bit: 10101110)
  write transaction issued.

[I2C READ]
  dev7=0x57 word=0x00
i2c_start_simple: ctrl=0x800200af
i2c_start_simple: after write, DATA0=0x800200af (expected=0x800200af)
i2c_start_simple: data0=0x800200af
  dev7=0x57 (7-bit), is_read=1, addr8=0xaf (8-bit: 10101111)
I2C status polling timeout: status=0x00000A01 (busy=1 done=0)
    read data : 0xB4B3B2B1
i2c_csr in.
I2C VERSION: 0x20240810
I2C NAME   : 0x00493243
I2C DATA0  : 0x800200af
I2C DATA1  : 0x11223344
I2C STATUS : 0x00000a01
I2C DATA2  : 0xb4b3b2b1
i2c_csr out.

I2C cosim test done.
