#-----------------------------------------------------------
# xsim v2021.2 (64-bit)
# SW Build 3367213 on Tue Oct 19 02:47:39 MDT 2021
# IP Build 3369179 on Thu Oct 21 08:25:16 MDT 2021
# Start of session at: Tue Nov 25 20:01:23 2025
# Process ID: 494430
# Current directory: /home/sogang/Desktop/riscv_platform_1020/riscv32im_soc/ips/ex_i2c_master_axi_lite/sim/xsim
# Command line: xsim -mode tcl -source {xsim.dir/top/xsim_script.tcl}
# Log file: /home/sogang/Desktop/riscv_platform_1020/riscv32im_soc/ips/ex_i2c_master_axi_lite/sim/xsim/xsim.log
# Journal file: /home/sogang/Desktop/riscv_platform_1020/riscv32im_soc/ips/ex_i2c_master_axi_lite/sim/xsim/xsim.jou
# Running On: sogang-500TGA-500SGA, OS: Linux, CPU Frequency: 807.133 MHz, CPU Physical cores: 10, Host memory: 16429 MB
#-----------------------------------------------------------
source xsim.dir/top/xsim_script.tcl
# xsim {top} -testplusarg I2C_CSR=1 -testplusarg I2C_D7R8=1 -testplusarg I2C_D7R8_CONT=1 -testplusarg I2C_D7R16=1 -testplusarg I2C_D7R16_CONT=1 -autoloadwcfg -tclbatch {xsim_run.tcl}
Time resolution is 1 ps
source xsim_run.tcl
## run all
           VERSION   A:0xd0000000 D:0x20250910 E:0x20250910  Match
           CONTROL   A:0xd0000004 D:0x00000000 E:0x00000000  Match
           STATUS    A:0xd0000008 D:0x00080800 E:0x00080800  Match
top PCLK 100.00-nsec 10.00-MHz
           CONFIG    A:0xd000000c D:0x10001111 E:0x10001111  Match
           SEL       A:0xd0000010 D:0x00000000 E:0x00000000  Match
           CLK_FREQ  A:0xd0000020 D:0x00989680 E:0x00989680  Match
           I2C_SPEED A:0xd0000024 D:0x000f4240 E:0x000f4240  Match
           CLKDIV    A:0xd0000028 D:0x0000000a E:0x0000000a  Match
           RUN       A:0xd0000030 D:0x00000800 E:0x00000800  Match
top.u_i2c_master SCL 3300.00-nsec 0.30-MHz
top.u_tester match          10
top.u_tester match          20
top.u_tester match          10
top.u_tester match           9
$finish called at time : 10173250 ns : File "/home/sogang/Desktop/riscv_platform_1020/riscv32im_soc/ips/ex_i2c_master_axi_lite/bench/verilog/top.sv" Line 203
Memory in use : 115608 KB (peak memory: 172880 KB)     CPU usage : 1620 ms
## quit
INFO: [Common 17-206] Exiting xsim at Tue Nov 25 20:01:29 2025...
