#-----------------------------------------------------------
# xsim v2021.2 (64-bit)
# SW Build 3367213 on Tue Oct 19 02:47:39 MDT 2021
# IP Build 3369179 on Thu Oct 21 08:25:16 MDT 2021
# Start of session at: Fri Nov 21 12:34:21 2025
# Process ID: 2135268
# Current directory: /home/sogang/Desktop/riscv_platform_1020/riscv32im_soc/ips/i2c_axi_lite/sim.cosim/xsim
# Command line: xsim -mode tcl -source {xsim.dir/top_snapshot/xsim_script.tcl}
# Log file: /home/sogang/Desktop/riscv_platform_1020/riscv32im_soc/ips/i2c_axi_lite/sim.cosim/xsim/xsim.log
# Journal file: /home/sogang/Desktop/riscv_platform_1020/riscv32im_soc/ips/i2c_axi_lite/sim.cosim/xsim/xsim.jou
# Running On: sogang-500TGA-500SGA, OS: Linux, CPU Frequency: 800.000 MHz, CPU Physical cores: 10, Host memory: 16429 MB
#-----------------------------------------------------------
source xsim.dir/top_snapshot/xsim_script.tcl
# xsim {top_snapshot} -autoloadwcfg -tclbatch {xsim_run.tcl}
Time resolution is 1 ps
source xsim_run.tcl
## run 100ms
I2C cosim VCD dump enable.
$finish called at time : 809950 ns : File "/home/sogang/Desktop/riscv_platform_1020/cosim_bfm_library/include/verilog/cosim_bfm_axi_core.v" Line 354
Memory in use : 174300 KB (peak memory: 181880 KB)     CPU usage : 840 ms
## quit
INFO: [Common 17-206] Exiting xsim at Fri Nov 21 12:34:26 2025...
