
*** Running vivado
    with args -log design_riscv_cache_clk_wiz_0_0.vds -m64 -product Vivado -mode batch -messageDb vivado.pb -notrace -source design_riscv_cache_clk_wiz_0_0.tcl


****** Vivado v2021.2 (64-bit)
  **** SW Build 3367213 on Tue Oct 19 02:47:39 MDT 2021
  **** IP Build 3369179 on Thu Oct 21 08:25:16 MDT 2021
    ** Copyright 1986-2021 Xilinx, Inc. All Rights Reserved.

source design_riscv_cache_clk_wiz_0_0.tcl -notrace
create_project: Time (s): cpu = 00:00:02 ; elapsed = 00:00:06 . Memory (MB): peak = 2705.129 ; gain = 0.000 ; free physical = 2323 ; free virtual = 80453
INFO: [IP_Flow 19-234] Refreshing IP repositories
INFO: [IP_Flow 19-1700] Loaded user IP repository '/opt/confmc/2020.06/hwlib/trx_axi/gen_ip'.
INFO: [IP_Flow 19-2313] Loaded Vivado IP repository '/tools/Xilinx/Vivado/2021.2/data/ip'.
Command: synth_design -top design_riscv_cache_clk_wiz_0_0 -part xc7z020clg484-1 -mode out_of_context
Starting synth_design
Attempting to get a license for feature 'Synthesis' and/or device 'xc7z020'
INFO: [Common 17-349] Got license for feature 'Synthesis' and/or device 'xc7z020'
INFO: [Device 21-403] Loading part xc7z020clg484-1
INFO: [Synth 8-7079] Multithreading enabled for synth_design using a maximum of 4 processes.
INFO: [Synth 8-7078] Launching helper process for spawning children vivado processes
INFO: [Synth 8-7075] Helper process launched with PID 1109064
---------------------------------------------------------------------------------
Starting RTL Elaboration : Time (s): cpu = 00:00:03 ; elapsed = 00:00:07 . Memory (MB): peak = 2705.129 ; gain = 0.000 ; free physical = 165 ; free virtual = 77699
---------------------------------------------------------------------------------
INFO: [Synth 8-6157] synthesizing module 'design_riscv_cache_clk_wiz_0_0' [/home/sogang/Desktop/riscv_platform_1020/riscv32im_soc/hw/impl.ip_integrator/zed.confmc/project_design_riscv_cache/project_design_riscv_cache.gen/sources_1/bd/design_riscv_cache/ip/design_riscv_cache_clk_wiz_0_0/design_riscv_cache_clk_wiz_0_0.v:71]
INFO: [Synth 8-6157] synthesizing module 'design_riscv_cache_clk_wiz_0_0_clk_wiz' [/home/sogang/Desktop/riscv_platform_1020/riscv32im_soc/hw/impl.ip_integrator/zed.confmc/project_design_riscv_cache/project_design_riscv_cache.gen/sources_1/bd/design_riscv_cache/ip/design_riscv_cache_clk_wiz_0_0/design_riscv_cache_clk_wiz_0_0_clk_wiz.v:69]
INFO: [Synth 8-6157] synthesizing module 'IBUF' [/tools/Xilinx/Vivado/2021.2/scripts/rt/data/unisim_comp.v:55204]
INFO: [Synth 8-6155] done synthesizing module 'IBUF' (1#1) [/tools/Xilinx/Vivado/2021.2/scripts/rt/data/unisim_comp.v:55204]
INFO: [Synth 8-6157] synthesizing module 'MMCME2_ADV' [/tools/Xilinx/Vivado/2021.2/scripts/rt/data/unisim_comp.v:63510]
	Parameter BANDWIDTH bound to: OPTIMIZED - type: string 
	Parameter CLKFBOUT_MULT_F bound to: 10.000000 - type: double 
	Parameter CLKFBOUT_PHASE bound to: 0.000000 - type: double 
	Parameter CLKFBOUT_USE_FINE_PS bound to: FALSE - type: string 
	Parameter CLKIN1_PERIOD bound to: 10.000000 - type: double 
	Parameter CLKOUT0_DIVIDE_F bound to: 12.500000 - type: double 
	Parameter CLKOUT0_DUTY_CYCLE bound to: 0.500000 - type: double 
	Parameter CLKOUT0_PHASE bound to: 0.000000 - type: double 
	Parameter CLKOUT0_USE_FINE_PS bound to: FALSE - type: string 
	Parameter CLKOUT1_DIVIDE bound to: 10 - type: integer 
	Parameter CLKOUT1_DUTY_CYCLE bound to: 0.500000 - type: double 
	Parameter CLKOUT1_PHASE bound to: 0.000000 - type: double 
	Parameter CLKOUT1_USE_FINE_PS bound to: FALSE - type: string 
	Parameter CLKOUT4_CASCADE bound to: FALSE - type: string 
	Parameter COMPENSATION bound to: ZHOLD - type: string 
	Parameter DIVCLK_DIVIDE bound to: 1 - type: integer 
	Parameter STARTUP_WAIT bound to: FALSE - type: string 
INFO: [Synth 8-6155] done synthesizing module 'MMCME2_ADV' (2#1) [/tools/Xilinx/Vivado/2021.2/scripts/rt/data/unisim_comp.v:63510]
INFO: [Synth 8-6157] synthesizing module 'BUFG' [/tools/Xilinx/Vivado/2021.2/scripts/rt/data/unisim_comp.v:1083]
INFO: [Synth 8-6155] done synthesizing module 'BUFG' (3#1) [/tools/Xilinx/Vivado/2021.2/scripts/rt/data/unisim_comp.v:1083]
INFO: [Synth 8-6155] done synthesizing module 'design_riscv_cache_clk_wiz_0_0_clk_wiz' (4#1) [/home/sogang/Desktop/riscv_platform_1020/riscv32im_soc/hw/impl.ip_integrator/zed.confmc/project_design_riscv_cache/project_design_riscv_cache.gen/sources_1/bd/design_riscv_cache/ip/design_riscv_cache_clk_wiz_0_0/design_riscv_cache_clk_wiz_0_0_clk_wiz.v:69]
INFO: [Synth 8-6155] done synthesizing module 'design_riscv_cache_clk_wiz_0_0' (5#1) [/home/sogang/Desktop/riscv_platform_1020/riscv32im_soc/hw/impl.ip_integrator/zed.confmc/project_design_riscv_cache/project_design_riscv_cache.gen/sources_1/bd/design_riscv_cache/ip/design_riscv_cache_clk_wiz_0_0/design_riscv_cache_clk_wiz_0_0.v:71]
---------------------------------------------------------------------------------
Finished RTL Elaboration : Time (s): cpu = 00:00:03 ; elapsed = 00:00:11 . Memory (MB): peak = 2705.129 ; gain = 0.000 ; free physical = 441 ; free virtual = 77510
---------------------------------------------------------------------------------
---------------------------------------------------------------------------------
Start Handling Custom Attributes
---------------------------------------------------------------------------------
---------------------------------------------------------------------------------
Finished Handling Custom Attributes : Time (s): cpu = 00:00:03 ; elapsed = 00:00:14 . Memory (MB): peak = 2705.129 ; gain = 0.000 ; free physical = 156 ; free virtual = 77202
---------------------------------------------------------------------------------
---------------------------------------------------------------------------------
Finished RTL Optimization Phase 1 : Time (s): cpu = 00:00:03 ; elapsed = 00:00:14 . Memory (MB): peak = 2705.129 ; gain = 0.000 ; free physical = 156 ; free virtual = 77202
---------------------------------------------------------------------------------
Netlist sorting complete. Time (s): cpu = 00:00:00 ; elapsed = 00:00:00 . Memory (MB): peak = 2705.129 ; gain = 0.000 ; free physical = 173 ; free virtual = 77199
INFO: [Netlist 29-17] Analyzing 1 Unisim elements for replacement
INFO: [Netlist 29-28] Unisim Transformation completed in 0 CPU seconds
INFO: [Project 1-570] Preparing netlist for logic optimization

Processing XDC Constraints
Initializing timing engine
Parsing XDC File [/home/sogang/Desktop/riscv_platform_1020/riscv32im_soc/hw/impl.ip_integrator/zed.confmc/project_design_riscv_cache/project_design_riscv_cache.gen/sources_1/bd/design_riscv_cache/ip/design_riscv_cache_clk_wiz_0_0/design_riscv_cache_clk_wiz_0_0_ooc.xdc] for cell 'inst'
Finished Parsing XDC File [/home/sogang/Desktop/riscv_platform_1020/riscv32im_soc/hw/impl.ip_integrator/zed.confmc/project_design_riscv_cache/project_design_riscv_cache.gen/sources_1/bd/design_riscv_cache/ip/design_riscv_cache_clk_wiz_0_0/design_riscv_cache_clk_wiz_0_0_ooc.xdc] for cell 'inst'
Parsing XDC File [/home/sogang/Desktop/riscv_platform_1020/riscv32im_soc/hw/impl.ip_integrator/zed.confmc/project_design_riscv_cache/project_design_riscv_cache.gen/sources_1/bd/design_riscv_cache/ip/design_riscv_cache_clk_wiz_0_0/design_riscv_cache_clk_wiz_0_0_board.xdc] for cell 'inst'
Finished Parsing XDC File [/home/sogang/Desktop/riscv_platform_1020/riscv32im_soc/hw/impl.ip_integrator/zed.confmc/project_design_riscv_cache/project_design_riscv_cache.gen/sources_1/bd/design_riscv_cache/ip/design_riscv_cache_clk_wiz_0_0/design_riscv_cache_clk_wiz_0_0_board.xdc] for cell 'inst'
Parsing XDC File [/home/sogang/Desktop/riscv_platform_1020/riscv32im_soc/hw/impl.ip_integrator/zed.confmc/project_design_riscv_cache/project_design_riscv_cache.gen/sources_1/bd/design_riscv_cache/ip/design_riscv_cache_clk_wiz_0_0/design_riscv_cache_clk_wiz_0_0.xdc] for cell 'inst'
create_clock: Time (s): cpu = 00:00:00.11 ; elapsed = 00:00:08 . Memory (MB): peak = 2767.184 ; gain = 0.000 ; free physical = 2591 ; free virtual = 77958
Finished Parsing XDC File [/home/sogang/Desktop/riscv_platform_1020/riscv32im_soc/hw/impl.ip_integrator/zed.confmc/project_design_riscv_cache/project_design_riscv_cache.gen/sources_1/bd/design_riscv_cache/ip/design_riscv_cache_clk_wiz_0_0/design_riscv_cache_clk_wiz_0_0.xdc] for cell 'inst'
INFO: [Project 1-236] Implementation specific constraints were found while reading constraint file [/home/sogang/Desktop/riscv_platform_1020/riscv32im_soc/hw/impl.ip_integrator/zed.confmc/project_design_riscv_cache/project_design_riscv_cache.gen/sources_1/bd/design_riscv_cache/ip/design_riscv_cache_clk_wiz_0_0/design_riscv_cache_clk_wiz_0_0.xdc]. These constraints will be ignored for synthesis but will be used in implementation. Impacted constraints are listed in the file [.Xil/design_riscv_cache_clk_wiz_0_0_propImpl.xdc].
Resolution: To avoid this warning, move constraints listed in [.Xil/design_riscv_cache_clk_wiz_0_0_propImpl.xdc] to another XDC file and exclude this new file from synthesis with the used_in_synthesis property (File Properties dialog in GUI) and re-run elaboration/synthesis.
INFO: [Timing 38-2] Deriving generated clocks
Parsing XDC File [/home/sogang/Desktop/riscv_platform_1020/riscv32im_soc/hw/impl.ip_integrator/zed.confmc/project_design_riscv_cache/project_design_riscv_cache.runs/design_riscv_cache_clk_wiz_0_0_synth_1/dont_touch.xdc]
Finished Parsing XDC File [/home/sogang/Desktop/riscv_platform_1020/riscv32im_soc/hw/impl.ip_integrator/zed.confmc/project_design_riscv_cache/project_design_riscv_cache.runs/design_riscv_cache_clk_wiz_0_0_synth_1/dont_touch.xdc]
Completed Processing XDC Constraints

Netlist sorting complete. Time (s): cpu = 00:00:00 ; elapsed = 00:00:00 . Memory (MB): peak = 2767.184 ; gain = 0.000 ; free physical = 1033 ; free virtual = 76547
INFO: [Project 1-111] Unisim Transformation Summary:
No Unisim elements were transformed.

Constraint Validation Runtime : Time (s): cpu = 00:00:00.01 ; elapsed = 00:00:00.02 . Memory (MB): peak = 2767.184 ; gain = 0.000 ; free physical = 922 ; free virtual = 76436
---------------------------------------------------------------------------------
Finished Constraint Validation : Time (s): cpu = 00:00:07 ; elapsed = 00:01:00 . Memory (MB): peak = 2767.184 ; gain = 62.055 ; free physical = 3590 ; free virtual = 78946
---------------------------------------------------------------------------------
---------------------------------------------------------------------------------
Start Loading Part and Timing Information
---------------------------------------------------------------------------------
Loading part: xc7z020clg484-1
---------------------------------------------------------------------------------
Finished Loading Part and Timing Information : Time (s): cpu = 00:00:07 ; elapsed = 00:01:00 . Memory (MB): peak = 2767.184 ; gain = 62.055 ; free physical = 3590 ; free virtual = 78946
---------------------------------------------------------------------------------
---------------------------------------------------------------------------------
Start Applying 'set_property' XDC Constraints
---------------------------------------------------------------------------------
Applied set_property KEEP_HIERARCHY = SOFT for inst. (constraint file  /home/sogang/Desktop/riscv_platform_1020/riscv32im_soc/hw/impl.ip_integrator/zed.confmc/project_design_riscv_cache/project_design_riscv_cache.runs/design_riscv_cache_clk_wiz_0_0_synth_1/dont_touch.xdc, line 9).
---------------------------------------------------------------------------------
Finished applying 'set_property' XDC Constraints : Time (s): cpu = 00:00:07 ; elapsed = 00:01:00 . Memory (MB): peak = 2767.184 ; gain = 62.055 ; free physical = 3591 ; free virtual = 78947
---------------------------------------------------------------------------------
---------------------------------------------------------------------------------
Finished RTL Optimization Phase 2 : Time (s): cpu = 00:00:07 ; elapsed = 00:01:00 . Memory (MB): peak = 2767.184 ; gain = 62.055 ; free physical = 3592 ; free virtual = 78952
---------------------------------------------------------------------------------
---------------------------------------------------------------------------------
Start RTL Component Statistics 
---------------------------------------------------------------------------------
Detailed RTL Component Info : 
---------------------------------------------------------------------------------
Finished RTL Component Statistics 
---------------------------------------------------------------------------------
---------------------------------------------------------------------------------
Start Part Resource Summary
---------------------------------------------------------------------------------
Part Resources:
DSPs: 220 (col length:60)
BRAMs: 280 (col length: RAMB18 60 RAMB36 30)
---------------------------------------------------------------------------------
Finished Part Resource Summary
---------------------------------------------------------------------------------
---------------------------------------------------------------------------------
Start Cross Boundary and Area Optimization
---------------------------------------------------------------------------------
WARNING: [Synth 8-7080] Parallel synthesis criteria is not met
---------------------------------------------------------------------------------
Finished Cross Boundary and Area Optimization : Time (s): cpu = 00:00:07 ; elapsed = 00:01:00 . Memory (MB): peak = 2767.184 ; gain = 62.055 ; free physical = 3576 ; free virtual = 78946
---------------------------------------------------------------------------------
---------------------------------------------------------------------------------
Start Applying XDC Timing Constraints
---------------------------------------------------------------------------------
---------------------------------------------------------------------------------
Finished Applying XDC Timing Constraints : Time (s): cpu = 00:00:10 ; elapsed = 00:01:03 . Memory (MB): peak = 2767.184 ; gain = 62.055 ; free physical = 3266 ; free virtual = 78669
---------------------------------------------------------------------------------
---------------------------------------------------------------------------------
Start Timing Optimization
---------------------------------------------------------------------------------
---------------------------------------------------------------------------------
Finished Timing Optimization : Time (s): cpu = 00:00:10 ; elapsed = 00:01:03 . Memory (MB): peak = 2767.184 ; gain = 62.055 ; free physical = 3266 ; free virtual = 78669
---------------------------------------------------------------------------------
---------------------------------------------------------------------------------
Start Technology Mapping
---------------------------------------------------------------------------------
---------------------------------------------------------------------------------
Finished Technology Mapping : Time (s): cpu = 00:00:10 ; elapsed = 00:01:03 . Memory (MB): peak = 2767.184 ; gain = 62.055 ; free physical = 3250 ; free virtual = 78654
---------------------------------------------------------------------------------
---------------------------------------------------------------------------------
Start IO Insertion
---------------------------------------------------------------------------------
---------------------------------------------------------------------------------
Start Flattening Before IO Insertion
---------------------------------------------------------------------------------
---------------------------------------------------------------------------------
Finished Flattening Before IO Insertion
---------------------------------------------------------------------------------
---------------------------------------------------------------------------------
Start Final Netlist Cleanup
---------------------------------------------------------------------------------
---------------------------------------------------------------------------------
Finished Final Netlist Cleanup
---------------------------------------------------------------------------------
---------------------------------------------------------------------------------
Finished IO Insertion : Time (s): cpu = 00:00:12 ; elapsed = 00:01:05 . Memory (MB): peak = 2767.184 ; gain = 62.055 ; free physical = 3311 ; free virtual = 78720
---------------------------------------------------------------------------------
---------------------------------------------------------------------------------
Start Renaming Generated Instances
---------------------------------------------------------------------------------
---------------------------------------------------------------------------------
Finished Renaming Generated Instances : Time (s): cpu = 00:00:12 ; elapsed = 00:01:05 . Memory (MB): peak = 2767.184 ; gain = 62.055 ; free physical = 3311 ; free virtual = 78720
---------------------------------------------------------------------------------
---------------------------------------------------------------------------------
Start Rebuilding User Hierarchy
---------------------------------------------------------------------------------
---------------------------------------------------------------------------------
Finished Rebuilding User Hierarchy : Time (s): cpu = 00:00:12 ; elapsed = 00:01:05 . Memory (MB): peak = 2767.184 ; gain = 62.055 ; free physical = 3311 ; free virtual = 78720
---------------------------------------------------------------------------------
---------------------------------------------------------------------------------
Start Renaming Generated Ports
---------------------------------------------------------------------------------
---------------------------------------------------------------------------------
Finished Renaming Generated Ports : Time (s): cpu = 00:00:12 ; elapsed = 00:01:05 . Memory (MB): peak = 2767.184 ; gain = 62.055 ; free physical = 3311 ; free virtual = 78720
---------------------------------------------------------------------------------
---------------------------------------------------------------------------------
Start Handling Custom Attributes
---------------------------------------------------------------------------------
---------------------------------------------------------------------------------
Finished Handling Custom Attributes : Time (s): cpu = 00:00:12 ; elapsed = 00:01:05 . Memory (MB): peak = 2767.184 ; gain = 62.055 ; free physical = 3311 ; free virtual = 78720
---------------------------------------------------------------------------------
---------------------------------------------------------------------------------
Start Renaming Generated Nets
---------------------------------------------------------------------------------
---------------------------------------------------------------------------------
Finished Renaming Generated Nets : Time (s): cpu = 00:00:12 ; elapsed = 00:01:05 . Memory (MB): peak = 2767.184 ; gain = 62.055 ; free physical = 3311 ; free virtual = 78720
---------------------------------------------------------------------------------
---------------------------------------------------------------------------------
Start Writing Synthesis Report
---------------------------------------------------------------------------------

Report BlackBoxes: 
+-+--------------+----------+
| |BlackBox name |Instances |
+-+--------------+----------+
+-+--------------+----------+

Report Cell Usage: 
+------+-----------+------+
|      |Cell       |Count |
+------+-----------+------+
|1     |BUFG       |     3|
|2     |MMCME2_ADV |     1|
|3     |IBUF       |     1|
+------+-----------+------+
---------------------------------------------------------------------------------
Finished Writing Synthesis Report : Time (s): cpu = 00:00:12 ; elapsed = 00:01:05 . Memory (MB): peak = 2767.184 ; gain = 62.055 ; free physical = 3339 ; free virtual = 78748
---------------------------------------------------------------------------------
Synthesis finished with 0 errors, 0 critical warnings and 1 warnings.
Synthesis Optimization Runtime : Time (s): cpu = 00:00:11 ; elapsed = 00:00:21 . Memory (MB): peak = 2767.184 ; gain = 0.000 ; free physical = 3394 ; free virtual = 78803
Synthesis Optimization Complete : Time (s): cpu = 00:00:12 ; elapsed = 00:01:05 . Memory (MB): peak = 2767.184 ; gain = 62.055 ; free physical = 3394 ; free virtual = 78803
INFO: [Project 1-571] Translating synthesized netlist
Netlist sorting complete. Time (s): cpu = 00:00:00 ; elapsed = 00:00:00 . Memory (MB): peak = 2767.184 ; gain = 0.000 ; free physical = 3394 ; free virtual = 78803
INFO: [Netlist 29-17] Analyzing 1 Unisim elements for replacement
INFO: [Netlist 29-28] Unisim Transformation completed in 0 CPU seconds
INFO: [Project 1-570] Preparing netlist for logic optimization
INFO: [Opt 31-138] Pushed 0 inverter(s) to 0 load pin(s).
Netlist sorting complete. Time (s): cpu = 00:00:00 ; elapsed = 00:00:00 . Memory (MB): peak = 2767.184 ; gain = 0.000 ; free physical = 3312 ; free virtual = 78728
INFO: [Project 1-111] Unisim Transformation Summary:
No Unisim elements were transformed.

Synth Design complete, checksum: fc1d8486
INFO: [Common 17-83] Releasing license: Synthesis
31 Infos, 1 Warnings, 0 Critical Warnings and 0 Errors encountered.
synth_design completed successfully
synth_design: Time (s): cpu = 00:00:14 ; elapsed = 00:01:12 . Memory (MB): peak = 2767.184 ; gain = 62.055 ; free physical = 3733 ; free virtual = 79149
INFO: [Common 17-1381] The checkpoint '/home/sogang/Desktop/riscv_platform_1020/riscv32im_soc/hw/impl.ip_integrator/zed.confmc/project_design_riscv_cache/project_design_riscv_cache.runs/design_riscv_cache_clk_wiz_0_0_synth_1/design_riscv_cache_clk_wiz_0_0.dcp' has been generated.
INFO: [Coretcl 2-1648] Added synthesis output to IP cache for IP design_riscv_cache_clk_wiz_0_0, cache-ID = 69cc3513be9d5584
INFO: [Common 17-1381] The checkpoint '/home/sogang/Desktop/riscv_platform_1020/riscv32im_soc/hw/impl.ip_integrator/zed.confmc/project_design_riscv_cache/project_design_riscv_cache.runs/design_riscv_cache_clk_wiz_0_0_synth_1/design_riscv_cache_clk_wiz_0_0.dcp' has been generated.
INFO: [runtcl-4] Executing : report_utilization -file design_riscv_cache_clk_wiz_0_0_utilization_synth.rpt -pb design_riscv_cache_clk_wiz_0_0_utilization_synth.pb
INFO: [Common 17-206] Exiting Vivado at Wed Nov 26 08:25:43 2025...
