#-----------------------------------------------------------
# xsim v2021.2 (64-bit)
# SW Build 3367213 on Tue Oct 19 02:47:39 MDT 2021
# IP Build 3369179 on Thu Oct 21 08:25:16 MDT 2021
# Start of session at: Wed Nov 19 10:34:02 2025
# Process ID: 130685
# Current directory: /home/sogang/Desktop/riscv_platform_1020/riscv32im_soc/ips/i2c_axi_lite/sim
# Command line: xsim -mode tcl -source {xsim.dir/i2c_tb_sim/xsim_script.tcl}
# Log file: /home/sogang/Desktop/riscv_platform_1020/riscv32im_soc/ips/i2c_axi_lite/sim/xsim.log
# Journal file: /home/sogang/Desktop/riscv_platform_1020/riscv32im_soc/ips/i2c_axi_lite/sim/xsim.jou
# Running On: sogang-500TGA-500SGA, OS: Linux, CPU Frequency: 850.106 MHz, CPU Physical cores: 10, Host memory: 16429 MB
#-----------------------------------------------------------
source xsim.dir/i2c_tb_sim/xsim_script.tcl
# xsim {i2c_tb_sim} -autoloadwcfg -tclbatch {./xsim_do.tcl}
Time resolution is 1 ps
source ./xsim_do.tcl
## log_wave -recursive /*
## open_vcd i2c_tb.vcd
## log_vcd [get_objects -r /*]
INFO: HDL object /iic_controller_tb/read_payload is an unpacked array. VCD does not support unpacked array type according to IEEE LRM 1800-2009, section21.7.5.
INFO: HDL object /iic_controller_tb/UI2C_0/mem is an unpacked array. VCD does not support unpacked array type according to IEEE LRM 1800-2009, section21.7.5.
## run 100 us
$finish called at time : 24135 ns : File "/home/sogang/Desktop/riscv_platform_1020/riscv32im_soc/ips/i2c_axi_lite/sim/i2c_tb.v" Line 234
## close_vcd
## exit
INFO: [Common 17-206] Exiting xsim at Wed Nov 19 10:34:07 2025...
