#-----------------------------------------------------------
# xsim v2021.2 (64-bit)
# SW Build 3367213 on Tue Oct 19 02:47:39 MDT 2021
# IP Build 3369179 on Thu Oct 21 08:25:16 MDT 2021
# Start of session at: Tue Nov 25 20:38:11 2025
# Process ID: 498340
# Current directory: /home/sogang/Desktop/riscv_platform_1020/riscv32im_soc/hw/sim.riscv_cache_soc/xsim
# Command line: xsim -mode tcl -source {xsim.dir/top/xsim_script.tcl}
# Log file: /home/sogang/Desktop/riscv_platform_1020/riscv32im_soc/hw/sim.riscv_cache_soc/xsim/xsim.log
# Journal file: /home/sogang/Desktop/riscv_platform_1020/riscv32im_soc/hw/sim.riscv_cache_soc/xsim/xsim.jou
# Running On: sogang-500TGA-500SGA, OS: Linux, CPU Frequency: 2284.209 MHz, CPU Physical cores: 10, Host memory: 16429 MB
#-----------------------------------------------------------
source xsim.dir/top/xsim_script.tcl
# xsim {top} -testplusarg ADDR_ENTRY=0x00000000 -testplusarg FILE_BIN=../../../sw.riscv/hello_world/uart_test.bin -testplusarg CHECK_BIN=1 -testplusarg BAUD_RATE=115200 -testplusarg VCD=1 -autoloadwcfg -tclbatch {xsim_run.tcl}
Time resolution is 1 ps
source xsim_run.tcl
## run all
top.u_tester.load_program open: ../../../sw.riscv/hello_world/uart_test.bin
top.u_tester.load_program size=0x4a00 (18944)
WARNING: Insufficient data from the input file for $fread
top.u_tester.load_program WARNING could not read 4736-th word.
top.u_tester.load_program INFO 4736-word (18944-byte) written from 0x00000000 to 0x000049fc
top.u_tester.load_program 0x4a00 (18944) bytes OK.



=== I2C EEPROM Test ===





[I2C] EEPROM Test Start

top.u_risc_cache_soc.u_i2c_a SCL 10000.00-nsec 0.10-MHz

[I2C] Write OK (0x37)


