#-----------------------------------------------------------
# xsim v2021.2 (64-bit)
# SW Build 3367213 on Tue Oct 19 02:47:39 MDT 2021
# IP Build 3369179 on Thu Oct 21 08:25:16 MDT 2021
# Start of session at: Tue Nov 25 13:10:25 2025
# Process ID: 449298
# Current directory: /home/sogang/Desktop/riscv_platform_1020/riscv32im_soc/ips/gpio_axi_lite/sim/xsim
# Command line: xsim -mode tcl -source {xsim.dir/top/xsim_script.tcl}
# Log file: /home/sogang/Desktop/riscv_platform_1020/riscv32im_soc/ips/gpio_axi_lite/sim/xsim/xsim.log
# Journal file: /home/sogang/Desktop/riscv_platform_1020/riscv32im_soc/ips/gpio_axi_lite/sim/xsim/xsim.jou
# Running On: sogang-500TGA-500SGA, OS: Linux, CPU Frequency: 980.623 MHz, CPU Physical cores: 10, Host memory: 16429 MB
#-----------------------------------------------------------
source xsim.dir/top/xsim_script.tcl
# xsim {top} -testplusarg TEST_CSR=1 -autoloadwcfg -tclbatch {xsim_run.tcl}
Time resolution is 1 ps
source xsim_run.tcl
## run all
VERSION 0xzzzzzzzZ
NAME    0xzzzzzzzZ
DIR     0xzzzzzzzZ
INPUT   0xzzzzzzzZ
OUTPUT  0xzzzzzzzZ
MASK    0xzzzzzzzZ
IRQ     0xzzzzzzzZ
EDGE    0xzzzzzzzZ
POL     0xzzzzzzzZ
$finish called at time : 945 ns : File "/home/sogang/Desktop/riscv_platform_1020/riscv32im_soc/ips/gpio_axi_lite/bench/verilog/tester.sv" Line 60
Memory in use : 115104 KB (peak memory: 172376 KB)     CPU usage : 0 ms
## quit
INFO: [Common 17-206] Exiting xsim at Tue Nov 25 13:11:50 2025...
